Time: 1754346125.3173625
no_coordinates
# Meant to be a demo to see how the cache is structured. Has each node's ID and the last time they saw the target. This line won't exist in the real cache
node1 1727126982.9638157
node2 1727126982.9638154
node3 1727126982.9638155
---
Time: 1754346130.0009456
no_coordinates
# Meant to be a demo to see how the cache is structured. Has each node's ID and the last time they saw the target. This line won't exist in the real cache
node1 1727126982.9638157
node2 1727126982.9638154
node3 1727126982.9638155
---
Time: 1754346130.2428215
no_coordinates
# Meant to be a demo to see how the cache is structured. Has each node's ID and the last time they saw the target. This line won't exist in the real cache
node1 1727126982.9638157
node2 1727126982.9638154
node3 1727126982.9638155---
Time: 1754346130.4928212
no_coordinates
# Meant to be a demo to see how the cache is structured. Has each node's ID and the last time they saw the target. This line won't exist in the real cache
node1 1727126982.9638157
node2 1727126982.9638154
node3 1727126982.9638155---
Time: 1754346130.7386591
no_coordinates
# Meant to be a demo to see how the cache is structured. Has each node's ID and the last time they saw the target. This line won't exist in the real cache
node1 1727126982.9638157
node2 1727126982.9638154
node3 1727126982.9638155---
Time: 1754412117.333763
no_coordinates

---
Time: 1754412137.3728235
no_coordinates

---
Time: 1754412138.220639
no_coordinates

---
Time: 1754412138.6637025
no_coordinates

---
Time: 1754412139.0927787
no_coordinates

---
Time: 1754412139.5374272
no_coordinates

---
Time: 1754412139.9626098
no_coordinates

---
Time: 1754412140.3850589
no_coordinates

---
Time: 1754412140.7972126
no_coordinates

---
Time: 1754412141.2155402
no_coordinates

---
Time: 1754412141.6250794
no_coordinates

---
Time: 1754412142.0269227
no_coordinates

---
Time: 1754412142.4527133
no_coordinates

---
Time: 1754412142.8707209
no_coordinates

---
Time: 1754412143.2885408
no_coordinates

---
Time: 1754412143.7507653
no_coordinates

---
Time: 1754412144.1981063
no_coordinates

---
Time: 1754412144.621109
no_coordinates

---
Time: 1754412145.0282774
no_coordinates

---
Time: 1754412145.443966
no_coordinates

---
Time: 1754412145.8756738
no_coordinates

---
Time: 1754412146.2918267
no_coordinates

---
Time: 1754412146.708676
no_coordinates

---
Time: 1754412147.1049645
no_coordinates

---
Time: 1754412147.511211
no_coordinates

---
Time: 1754412147.9226801
no_coordinates

---
Time: 1754412148.3360307
no_coordinates

---
Time: 1754412148.768549
no_coordinates

---
Time: 1754412149.1733184
no_coordinates

---
Time: 1754412149.5998225
no_coordinates

---
Time: 1754412150.0049133
no_coordinates

---
Time: 1754412150.4182465
no_coordinates

---
Time: 1754412150.845131
no_coordinates

---
Time: 1754412151.2799976
no_coordinates

---
Time: 1754412151.6888044
no_coordinates

---
Time: 1754412152.092067
no_coordinates

---
Time: 1754412152.5043702
no_coordinates

---
Time: 1754412152.9159799
no_coordinates

---
Time: 1754412153.4169862
no_coordinates

---
Time: 1754412153.826653
no_coordinates

---
Time: 1754412154.268505
no_coordinates

---
Time: 1754412154.6973596
no_coordinates

---
Time: 1754412155.1511126
no_coordinates

---
Time: 1754412155.629059
no_coordinates

---
Time: 1754412156.0957606
no_coordinates

---
Time: 1754412156.5462627
no_coordinates

---
Time: 1754412157.0178096
no_coordinates

---
Time: 1754412157.473438
no_coordinates

---
Time: 1754412157.9154668
no_coordinates

---
Time: 1754412158.3428197
no_coordinates

---
Time: 1754412158.769208
no_coordinates

---
Time: 1754412159.1949737
no_coordinates

---
Time: 1754412159.6087942
no_coordinates

---
Time: 1754412160.054711
no_coordinates

---
Time: 1754412160.4858267
no_coordinates

---
Time: 1754412160.9142904
no_coordinates

---
Time: 1754412161.3346937
no_coordinates

---
Time: 1754412161.7701666
no_coordinates

---
Time: 1754412162.2177806
no_coordinates

---
Time: 1754412162.634136
no_coordinates

---
Time: 1754412163.0527463
no_coordinates

---
Time: 1754412163.4894836
no_coordinates

---
Time: 1754412163.9202151
no_coordinates

---
Time: 1754412164.3410263
no_coordinates

---
Time: 1754412164.7931929
no_coordinates

---
Time: 1754412165.2152758
no_coordinates

---
Time: 1754412165.6299276
no_coordinates

---
Time: 1754412166.0409994
no_coordinates

---
Time: 1754412166.4666104
no_coordinates

---
Time: 1754412166.8866835
no_coordinates

---
Time: 1754412167.3125594
no_coordinates

---
Time: 1754412167.7296264
no_coordinates

---
Time: 1754412168.1645815
no_coordinates

---
Time: 1754412168.5817924
no_coordinates

---
Time: 1754412169.0016947
no_coordinates

---
Time: 1754412169.42848
no_coordinates

---
Time: 1754412169.8481767
no_coordinates

---
Time: 1754412170.2901359
no_coordinates

---
Time: 1754412170.7578275
no_coordinates

---
